Determining if the pthread_create exist failed with the following output:
Change Dir: /home/benjamin/Videos/openGLSeries/code/cmake-build-debug/CMakeFiles/CMakeTmp

Run Build Command:"/usr/bin/make" "cmTC_37194/fast"
/usr/bin/make -f CMakeFiles/cmTC_37194.dir/build.make CMakeFiles/cmTC_37194.dir/build
make[1]: Entering directory '/home/benjamin/Videos/openGLSeries/code/cmake-build-debug/CMakeFiles/CMakeTmp'
Building C object CMakeFiles/cmTC_37194.dir/CheckSymbolExists.c.o
/usr/bin/cc    -o CMakeFiles/cmTC_37194.dir/CheckSymbolExists.c.o   -c /home/benjamin/Videos/openGLSeries/code/cmake-build-debug/CMakeFiles/CMakeTmp/CheckSymbolExists.c
Linking C executable cmTC_37194
/home/benjamin/clion-2018.3/bin/cmake/linux/bin/cmake -E cmake_link_script CMakeFiles/cmTC_37194.dir/link.txt --verbose=1
/usr/bin/cc      -rdynamic CMakeFiles/cmTC_37194.dir/CheckSymbolExists.c.o  -o cmTC_37194 
CMakeFiles/cmTC_37194.dir/CheckSymbolExists.c.o: In function `main':
CheckSymbolExists.c:(.text+0x16): undefined reference to `pthread_create'
collect2: error: ld returned 1 exit status
CMakeFiles/cmTC_37194.dir/build.make:86: recipe for target 'cmTC_37194' failed
make[1]: *** [cmTC_37194] Error 1
make[1]: Leaving directory '/home/benjamin/Videos/openGLSeries/code/cmake-build-debug/CMakeFiles/CMakeTmp'
Makefile:121: recipe for target 'cmTC_37194/fast' failed
make: *** [cmTC_37194/fast] Error 2

File /home/benjamin/Videos/openGLSeries/code/cmake-build-debug/CMakeFiles/CMakeTmp/CheckSymbolExists.c:
/* */
#include <pthread.h>

int main(int argc, char** argv)
{
  (void)argv;
#ifndef pthread_create
  return ((int*)(&pthread_create))[argc];
#else
  (void)argc;
  return 0;
#endif
}

Determining if the function pthread_create exists in the pthreads failed with the following output:
Change Dir: /home/benjamin/Videos/openGLSeries/code/cmake-build-debug/CMakeFiles/CMakeTmp

Run Build Command:"/usr/bin/make" "cmTC_a031f/fast"
/usr/bin/make -f CMakeFiles/cmTC_a031f.dir/build.make CMakeFiles/cmTC_a031f.dir/build
make[1]: Entering directory '/home/benjamin/Videos/openGLSeries/code/cmake-build-debug/CMakeFiles/CMakeTmp'
Building C object CMakeFiles/cmTC_a031f.dir/CheckFunctionExists.c.o
/usr/bin/cc   -DCHECK_FUNCTION_EXISTS=pthread_create   -o CMakeFiles/cmTC_a031f.dir/CheckFunctionExists.c.o   -c /home/benjamin/clion-2018.3/bin/cmake/linux/share/cmake-3.12/Modules/CheckFunctionExists.c
Linking C executable cmTC_a031f
/home/benjamin/clion-2018.3/bin/cmake/linux/bin/cmake -E cmake_link_script CMakeFiles/cmTC_a031f.dir/link.txt --verbose=1
/usr/bin/cc  -DCHECK_FUNCTION_EXISTS=pthread_create    -rdynamic CMakeFiles/cmTC_a031f.dir/CheckFunctionExists.c.o  -o cmTC_a031f -lpthreads 
/usr/bin/ld: cannot find -lpthreads
collect2: error: ld returned 1 exit status
CMakeFiles/cmTC_a031f.dir/build.make:86: recipe for target 'cmTC_a031f' failed
make[1]: *** [cmTC_a031f] Error 1
make[1]: Leaving directory '/home/benjamin/Videos/openGLSeries/code/cmake-build-debug/CMakeFiles/CMakeTmp'
Makefile:121: recipe for target 'cmTC_a031f/fast' failed
make: *** [cmTC_a031f/fast] Error 2


