Detecting C [-std=c11] compiler features failed to compile with the following output:
Change Dir: /home/benjamin/Videos/openGLSeries/code/build/CMakeFiles/CMakeTmp

Run Build Command:"/usr/bin/make" "cmTC_043a0/fast"
/usr/bin/make -f CMakeFiles/cmTC_043a0.dir/build.make CMakeFiles/cmTC_043a0.dir/build
make[1]: Entering directory '/home/benjamin/Videos/openGLSeries/code/build/CMakeFiles/CMakeTmp'
Building C object CMakeFiles/cmTC_043a0.dir/feature_tests.c.o
/usr/bin/c99-gcc    -std=c11 -o CMakeFiles/cmTC_043a0.dir/feature_tests.c.o   -c /home/benjamin/Videos/openGLSeries/code/build/CMakeFiles/feature_tests.c
c99-gcc called with non ISO C99 option -std=c11
CMakeFiles/cmTC_043a0.dir/build.make:65: recipe for target 'CMakeFiles/cmTC_043a0.dir/feature_tests.c.o' failed
make[1]: *** [CMakeFiles/cmTC_043a0.dir/feature_tests.c.o] Error 1
make[1]: Leaving directory '/home/benjamin/Videos/openGLSeries/code/build/CMakeFiles/CMakeTmp'
Makefile:126: recipe for target 'cmTC_043a0/fast' failed
make: *** [cmTC_043a0/fast] Error 2



Determining if the pthread_create exist failed with the following output:
Change Dir: /home/benjamin/Videos/openGLSeries/code/build/CMakeFiles/CMakeTmp

Run Build Command:"/usr/bin/make" "cmTC_2b090/fast"
make[1]: Entering directory '/home/benjamin/Videos/openGLSeries/code/build/CMakeFiles/CMakeTmp'
/usr/bin/make -f CMakeFiles/cmTC_2b090.dir/build.make CMakeFiles/cmTC_2b090.dir/build
make[2]: Entering directory '/home/benjamin/Videos/openGLSeries/code/build/CMakeFiles/CMakeTmp'
Building C object CMakeFiles/cmTC_2b090.dir/CheckSymbolExists.c.o
/usr/bin/c99-gcc     -o CMakeFiles/cmTC_2b090.dir/CheckSymbolExists.c.o   -c /home/benjamin/Videos/openGLSeries/code/build/CMakeFiles/CMakeTmp/CheckSymbolExists.c
Linking C executable cmTC_2b090
/usr/bin/cmake -E cmake_link_script CMakeFiles/cmTC_2b090.dir/link.txt --verbose=1
/usr/bin/c99-gcc       CMakeFiles/cmTC_2b090.dir/CheckSymbolExists.c.o  -o cmTC_2b090 -rdynamic 
CMakeFiles/cmTC_2b090.dir/CheckSymbolExists.c.o: In function `main':
CheckSymbolExists.c:(.text+0x16): undefined reference to `pthread_create'
collect2: error: ld returned 1 exit status
CMakeFiles/cmTC_2b090.dir/build.make:97: recipe for target 'cmTC_2b090' failed
make[2]: *** [cmTC_2b090] Error 1
make[2]: Leaving directory '/home/benjamin/Videos/openGLSeries/code/build/CMakeFiles/CMakeTmp'
Makefile:126: recipe for target 'cmTC_2b090/fast' failed
make[1]: *** [cmTC_2b090/fast] Error 2
make[1]: Leaving directory '/home/benjamin/Videos/openGLSeries/code/build/CMakeFiles/CMakeTmp'

File /home/benjamin/Videos/openGLSeries/code/build/CMakeFiles/CMakeTmp/CheckSymbolExists.c:
/* */
#include <pthread.h>

int main(int argc, char** argv)
{
  (void)argv;
#ifndef pthread_create
  return ((int*)(&pthread_create))[argc];
#else
  (void)argc;
  return 0;
#endif
}

Determining if the function pthread_create exists in the pthreads failed with the following output:
Change Dir: /home/benjamin/Videos/openGLSeries/code/build/CMakeFiles/CMakeTmp

Run Build Command:"/usr/bin/make" "cmTC_dc998/fast"
make[1]: Entering directory '/home/benjamin/Videos/openGLSeries/code/build/CMakeFiles/CMakeTmp'
/usr/bin/make -f CMakeFiles/cmTC_dc998.dir/build.make CMakeFiles/cmTC_dc998.dir/build
make[2]: Entering directory '/home/benjamin/Videos/openGLSeries/code/build/CMakeFiles/CMakeTmp'
Building C object CMakeFiles/cmTC_dc998.dir/CheckFunctionExists.c.o
/usr/bin/c99-gcc    -DCHECK_FUNCTION_EXISTS=pthread_create   -o CMakeFiles/cmTC_dc998.dir/CheckFunctionExists.c.o   -c /usr/share/cmake-3.5/Modules/CheckFunctionExists.c
Linking C executable cmTC_dc998
/usr/bin/cmake -E cmake_link_script CMakeFiles/cmTC_dc998.dir/link.txt --verbose=1
/usr/bin/c99-gcc   -DCHECK_FUNCTION_EXISTS=pthread_create    CMakeFiles/cmTC_dc998.dir/CheckFunctionExists.c.o  -o cmTC_dc998 -rdynamic -lpthreads 
/usr/bin/ld: cannot find -lpthreads
collect2: error: ld returned 1 exit status
CMakeFiles/cmTC_dc998.dir/build.make:97: recipe for target 'cmTC_dc998' failed
make[2]: *** [cmTC_dc998] Error 1
make[2]: Leaving directory '/home/benjamin/Videos/openGLSeries/code/build/CMakeFiles/CMakeTmp'
Makefile:126: recipe for target 'cmTC_dc998/fast' failed
make[1]: *** [cmTC_dc998/fast] Error 2
make[1]: Leaving directory '/home/benjamin/Videos/openGLSeries/code/build/CMakeFiles/CMakeTmp'


Detecting C [-std=c11] compiler features failed to compile with the following output:
Change Dir: /home/benjamin/Videos/openGLSeries/code/build/CMakeFiles/CMakeTmp

Run Build Command:"/usr/bin/make" "cmTC_cebdc/fast"
/usr/bin/make -f CMakeFiles/cmTC_cebdc.dir/build.make CMakeFiles/cmTC_cebdc.dir/build
make[1]: Entering directory '/home/benjamin/Videos/openGLSeries/code/build/CMakeFiles/CMakeTmp'
Building C object CMakeFiles/cmTC_cebdc.dir/feature_tests.c.o
/usr/bin/c99-gcc   -std=c11 -o CMakeFiles/cmTC_cebdc.dir/feature_tests.c.o   -c /home/benjamin/Videos/openGLSeries/code/build/CMakeFiles/feature_tests.c
c99-gcc called with non ISO C99 option -std=c11
CMakeFiles/cmTC_cebdc.dir/build.make:65: recipe for target 'CMakeFiles/cmTC_cebdc.dir/feature_tests.c.o' failed
make[1]: *** [CMakeFiles/cmTC_cebdc.dir/feature_tests.c.o] Error 1
make[1]: Leaving directory '/home/benjamin/Videos/openGLSeries/code/build/CMakeFiles/CMakeTmp'
Makefile:121: recipe for target 'cmTC_cebdc/fast' failed
make: *** [cmTC_cebdc/fast] Error 2



